#
# There is insufficient memory for the Java Runtime Environment to continue.
# Native memory allocation (mmap) failed to map 132120576 bytes for Failed to commit area from 0x0000000082400000 to 0x000000008a200000 of length 132120576.
# Possible reasons:
#   The system is out of physical RAM or swap space
#   The process is running with CompressedOops enabled, and the Java Heap may be blocking the growth of the native heap
# Possible solutions:
#   Reduce memory load on the system
#   Increase physical memory or swap space
#   Check if swap backing store is full
#   Decrease Java heap size (-Xmx/-Xms)
#   Decrease number of Java threads
#   Decrease Java thread stack sizes (-Xss)
#   Set larger code cache with -XX:ReservedCodeCacheSize=
#   JVM is running with Unscaled Compressed Oops mode in which the Java heap is
#     placed in the first 4GB address space. The Java Heap base address is the
#     maximum limit for the native heap growth. Please use -XX:HeapBaseMinAddress
#     to set the Java Heap base and to place the Java Heap above 4GB virtual address.
# This output file may be truncated or incomplete.
#
#  Out of Memory Error (./open/src/hotspot/os/windows/os_windows.cpp:3315), pid=10708, tid=28144
#
# JRE version:  (14.0.2+12) (build )
# Java VM: Java HotSpot(TM) 64-Bit Server VM (14.0.2+12-46, mixed mode, sharing, tiered, compressed oops, g1 gc, windows-amd64)
# No core dump will be written. Minidumps are not enabled by default on client versions of Windows
#

---------------  S U M M A R Y ------------

Command Line: -Dfile.encoding=UTF-8 cn.itcast.swing.Window

Host: Intel(R) Core(TM) i7-8750H CPU @ 2.20GHz, 12 cores, 7G,  Windows 10 , 64 bit Build 18362 (10.0.18362.1110)
Time: Sat Jan  9 14:03:54 2021 ?D1ú±ê×?ê±?? elapsed time: 0 seconds (0d 0h 0m 0s)

---------------  T H R E A D  ---------------

Current thread (0x0000011598330800):  JavaThread "Unknown thread" [_thread_in_vm, id=28144, stack(0x0000000910800000,0x0000000910900000)]

Stack: [0x0000000910800000,0x0000000910900000]
Native frames: (J=compiled Java code, j=interpreted, Vv=VM code, C=native code)
V  [jvm.dll+0x5f8a9a]
V  [jvm.dll+0x74247a]
V  [jvm.dll+0x743c2f]
V  [jvm.dll+0x744273]
V  [jvm.dll+0x20d288]
V  [jvm.dll+0x5f5dea]
V  [jvm.dll+0x5eac45]
V  [jvm.dll+0x2c7e9c]
V  [jvm.dll+0x2c7cd2]
V  [jvm.dll+0x2cdbbc]
V  [jvm.dll+0x313fe8]
V  [jvm.dll+0x313710]
V  [jvm.dll+0x2a092a]
V  [jvm.dll+0x2a1a79]
V  [jvm.dll+0x71fd48]
V  [jvm.dll+0x321c14]
V  [jvm.dll+0x70112c]
V  [jvm.dll+0x392def]
V  [jvm.dll+0x394e61]
C  [jli.dll+0x524b]
C  [ucrtbase.dll+0x210b2]
C  [KERNEL32.DLL+0x17c24]
C  [ntdll.dll+0x6d4d1]


---------------  P R O C E S S  ---------------

Threads class SMR info:
_java_thread_list=0x00007fff5e983038, length=0, elements={
}

Java Threads: ( => current thread )

Other Threads:
  0x0000011598374000 GCTaskThread "GC Thread#0" [stack: 0x0000000910900000,0x0000000910a00000] [id=32984]
  0x0000011598385800 ConcurrentGCThread "G1 Main Marker" [stack: 0x0000000910a00000,0x0000000910b00000] [id=34932]
  0x0000011598388000 ConcurrentGCThread "G1 Conc#0" [stack: 0x0000000910b00000,0x0000000910c00000] [id=30272]

[error occurred during error reporting (printing all threads), id 0xc0000005, EXCEPTION_ACCESS_VIOLATION (0xc0000005) at pc=0x00007fff5e1b1257]

VM state:not at safepoint (not fully initialized)

VM Mutex/Monitor currently owned by a thread:  ([mutex/lock_event])
[0x000001159832db50] Heap_lock - owner thread: 0x0000011598330800

Heap address: 0x0000000082400000, size: 2012 MB, Compressed Oops mode: 32-bit
Narrow klass base: 0x0000000000000000, Narrow klass shift: 0

GC Heap History (0 events):
No events

Deoptimization events (0 events):
No events

Classes unloaded (0 events):
No events

Classes redefined (0 events):
No events

Internal exceptions (0 events):
No events

Events (2 events):
Event: 0.021 Loaded shared library C:\Program Files\Java\jdk-14.0.2\bin\java.dll
Event: 0.023 Loaded shared library C:\Program Files\Java\jdk-14.0.2\bin\zip.dll


Dynamic libraries:
0x00007ff6be440000 - 0x00007ff6be44f000 	C:\Program Files\Java\jdk-14.0.2\bin\javaw.exe
0x00007fff9ccc0000 - 0x00007fff9ceb0000 	C:\WINDOWS\SYSTEM32\ntdll.dll
0x00007fff9bb10000 - 0x00007fff9bbc2000 	C:\WINDOWS\System32\KERNEL32.DLL
0x00007fff9a870000 - 0x00007fff9ab15000 	C:\WINDOWS\System32\KERNELBASE.dll
0x00007fff9ab20000 - 0x00007fff9ac1a000 	C:\WINDOWS\System32\ucrtbase.dll
0x00007fff92970000 - 0x00007fff92988000 	C:\Program Files\Java\jdk-14.0.2\bin\jli.dll
0x00007fff92840000 - 0x00007fff92855000 	C:\Program Files\Java\jdk-14.0.2\bin\VCRUNTIME140.dll
0x00007fff9b160000 - 0x00007fff9b203000 	C:\WINDOWS\System32\ADVAPI32.dll
0x00007fff9b310000 - 0x00007fff9b3ae000 	C:\WINDOWS\System32\msvcrt.dll
0x00007fff9b270000 - 0x00007fff9b307000 	C:\WINDOWS\System32\sechost.dll
0x00007fff9b9f0000 - 0x00007fff9bb10000 	C:\WINDOWS\System32\RPCRT4.dll
0x00007fff9b3b0000 - 0x00007fff9b544000 	C:\WINDOWS\System32\USER32.dll
0x00007fff9a790000 - 0x00007fff9a7b1000 	C:\WINDOWS\System32\win32u.dll
0x00007fff9c9f0000 - 0x00007fff9ca16000 	C:\WINDOWS\System32\GDI32.dll
0x00007fff80c70000 - 0x00007fff80ef4000 	C:\WINDOWS\WinSxS\amd64_microsoft.windows.common-controls_6595b64144ccf1df_6.0.18362.1256_none_9e7e379be45e40e2\COMCTL32.dll
0x00007fff99c30000 - 0x00007fff99dc6000 	C:\WINDOWS\System32\gdi32full.dll
0x00007fff9c6a0000 - 0x00007fff9c9d6000 	C:\WINDOWS\System32\combase.dll
0x00007fff9a6f0000 - 0x00007fff9a78e000 	C:\WINDOWS\System32\msvcp_win.dll
0x00007fff99dd0000 - 0x00007fff99e51000 	C:\WINDOWS\System32\bcryptPrimitives.dll
0x00007fff930d0000 - 0x00007fff930da000 	C:\WINDOWS\SYSTEM32\VERSION.dll
0x00007fff9b550000 - 0x00007fff9b57e000 	C:\WINDOWS\System32\IMM32.DLL
0x00007fff7d700000 - 0x00007fff7d79b000 	C:\Program Files\Java\jdk-14.0.2\bin\msvcp140.dll
0x00007fff5df00000 - 0x00007fff5ea1e000 	C:\Program Files\Java\jdk-14.0.2\bin\server\jvm.dll
0x00007fff9bd20000 - 0x00007fff9bd28000 	C:\WINDOWS\System32\PSAPI.DLL
0x00007fff95fb0000 - 0x00007fff95fb9000 	C:\WINDOWS\SYSTEM32\WSOCK32.dll
0x00007fff976b0000 - 0x00007fff976d4000 	C:\WINDOWS\SYSTEM32\WINMM.dll
0x00007fff9c5b0000 - 0x00007fff9c61f000 	C:\WINDOWS\System32\WS2_32.dll
0x00007fff97680000 - 0x00007fff976ad000 	C:\WINDOWS\SYSTEM32\winmmbase.dll
0x00007fff99ec0000 - 0x00007fff99f0a000 	C:\WINDOWS\System32\cfgmgr32.dll
0x00007fff99b90000 - 0x00007fff99ba1000 	C:\WINDOWS\System32\kernel.appcore.dll
0x00007fff95fe0000 - 0x00007fff95fea000 	C:\Program Files\Java\jdk-14.0.2\bin\jimage.dll
0x00007fff98460000 - 0x00007fff98654000 	C:\WINDOWS\SYSTEM32\DBGHELP.DLL
0x00007fff837b0000 - 0x00007fff837da000 	C:\WINDOWS\SYSTEM32\dbgcore.DLL
0x00007fff95f40000 - 0x00007fff95f65000 	C:\Program Files\Java\jdk-14.0.2\bin\java.dll
0x00007fff95ee0000 - 0x00007fff95ef6000 	C:\Program Files\Java\jdk-14.0.2\bin\zip.dll

dbghelp: loaded successfully - version: 4.0.5 - missing functions: none
symbol engine: initialized successfully - sym options: 0x614 - pdb path: .;C:\Program Files\Java\jdk-14.0.2\bin;C:\WINDOWS\SYSTEM32;C:\WINDOWS\WinSxS\amd64_microsoft.windows.common-controls_6595b64144ccf1df_6.0.18362.1256_none_9e7e379be45e40e2;C:\Program Files\Java\jdk-14.0.2\bin\server

VM Arguments:
jvm_args: -Dfile.encoding=UTF-8 
java_command: cn.itcast.swing.Window
java_class_path (initial): C:\Users\Asus-pc\Desktop\课设\yangcan;C:\Users\Asus-pc\Desktop\课设\yangcan\lib\druid-1.0.9.jar;C:\Users\Asus-pc\Desktop\课设\yangcan\lib\activation.jar;C:\Users\Asus-pc\Desktop\课设\yangcan\lib\beansbinding.jar;C:\Users\Asus-pc\Desktop\课设\yangcan\lib\beansbinding-doc.zip;C:\Users\Asus-pc\Desktop\课设\yangcan\lib\beansbinding-src.zip;C:\Users\Asus-pc\Desktop\课设\yangcan\lib\commons-beanutils-1.8.0.jar;C:\Users\Asus-pc\Desktop\课设\yangcan\lib\commons-beanutils-1.8.3.jar;C:\Users\Asus-pc\Desktop\课设\yangcan\lib\commons-collections-3.2.1.jar;C:\Users\Asus-pc\Desktop\课设\yangcan\lib\commons-lang-2.6.jar;C:\Users\Asus-pc\Desktop\课设\yangcan\lib\commons-logging-1.1.1.jar;C:\Users\Asus-pc\Desktop\课设\yangcan\lib\commons-logging-1.2.jar;C:\Users\Asus-pc\Desktop\课设\yangcan\lib\ezmorph-1.0.6.jar;C:\Users\Asus-pc\Desktop\课设\yangcan\lib\javax.annotation.jar;C:\Users\Asus-pc\Desktop\课设\yangcan\lib\javax.ejb.jar;C:\Users\Asus-pc\Desktop\课设\yangcan\lib\javax.jms.jar;C:\Users\Asus-pc\Desktop\课设\yangcan\lib\javax.persistence.jar;C:\Users\Asus-pc\Desktop\课设\yangcan\lib\javax.resource.jar;C:\Users\Asus-pc\Desktop\课设\yangcan\lib\javax.servlet.jar;C:\Users\Asus-pc\Desktop\课设\yangcan\lib\javax.servlet.jsp.jar;C:\Users\Asus-pc\Desktop\课设\yangcan\lib\javax.servlet.jsp.jstl.jar;C:\Users\Asus-pc\Desktop\课设\yangcan\lib\javax.transaction.jar;C:\Users\Asus-pc\Desktop\课设\yangcan\lib\json-lib-2.4-jdk15.jar;C:\Users\Asus-pc\Desktop\课设\yangcan\lib\jstl-impl.jar;C:\Users\Asus-pc\Desktop\课设\yangcan\lib\mail.jar;C:\Users\Asus-pc\Desktop\课设\yangcan\lib\mchange-commons-java-0.2.12.jar;C:\Users\Asus-pc\Desktop\课设\yangcan\lib\miglayout-core.jar;C:\Users\Asus-pc\Desktop\课设\yangcan\lib\miglayout-core-javadoc.jar;C:\Users\Asus-pc\Desktop\课设\yangcan\lib\miglayout-core-sources.jar;C:\Users\Asus-pc\Desktop\课设\yangcan\lib\miglayout-swing.jar;C:\Users\Asus-pc\Desktop\课设\yangcan\lib\miglayout-swing-javadoc.jar;C:\Users\Asus-pc\Desktop\课设\
Launcher Type: SUN_STANDARD

[Global flags]
     intx CICompilerCount                          = 4                                         {product} {ergonomic}
     uint ConcGCThreads                            = 3                                         {product} {ergonomic}
     uint G1ConcRefinementThreads                  = 10                                        {product} {ergonomic}
   size_t G1HeapRegionSize                         = 1048576                                   {product} {ergonomic}
    uintx GCDrainStackTargetSize                   = 64                                        {product} {ergonomic}
   size_t InitialHeapSize                          = 132120576                                 {product} {ergonomic}
   size_t MarkStackSize                            = 4194304                                   {product} {ergonomic}
   size_t MaxHeapSize                              = 2109734912                                {product} {ergonomic}
   size_t MinHeapDeltaBytes                        = 1048576                                   {product} {ergonomic}
   size_t MinHeapSize                              = 8388608                                   {product} {ergonomic}
    uintx NonNMethodCodeHeapSize                   = 5839372                                {pd product} {ergonomic}
    uintx NonProfiledCodeHeapSize                  = 122909434                              {pd product} {ergonomic}
    uintx ProfiledCodeHeapSize                     = 122909434                              {pd product} {ergonomic}
    uintx ReservedCodeCacheSize                    = 251658240                              {pd product} {ergonomic}
     bool SegmentedCodeCache                       = true                                      {product} {ergonomic}
   size_t SoftMaxHeapSize                          = 2109734912                             {manageable} {ergonomic}
     bool UseCompressedClassPointers               = true                                 {lp64_product} {ergonomic}
     bool UseCompressedOops                        = true                                 {lp64_product} {ergonomic}
     bool UseG1GC                                  = true                                      {product} {ergonomic}
     bool UseLargePagesIndividualAllocation        = false                                  {pd product} {ergonomic}

Logging:
Log output configuration:
 #0: stdout all=warning uptime,level,tags
 #1: stderr all=off uptime,level,tags

Environment Variables:
JAVA_HOME=C:\Program Files\Java\jdk-14.0.2
PATH=C:/Program Files/Java/jdk-14.0.2/bin/server;C:/Program Files/Java/jdk-14.0.2/bin;C:\Program Files (x86)\Intel\Intel(R) Management Engine Components\iCLS\;C:\Program Files\Intel\Intel(R) Management Engine Components\iCLS\;C:\Windows\system32;C:\Windows;C:\Windows\System32\Wbem;C:\Windows\System32\WindowsPowerShell\v1.0\;C:\Windows\System32\OpenSSH\;C:\Program Files (x86)\NVIDIA Corporation\PhysX\Common;C:\Program Files (x86)\Intel\Intel(R) Management Engine Components\DAL;C:\Program Files\Intel\Intel(R) Management Engine Components\DAL;C:\Program Files (x86)\Intel\Intel(R) Management Engine Components\IPT;C:\Program Files\Intel\Intel(R) Management Engine Components\IPT;C:\Program Files\Intel\WiFi\bin\;C:\Program Files\Common Files\Intel\WirelessCommon\;C:\WINDOWS\system32;C:\WINDOWS;C:\WINDOWS\System32\Wbem;C:\WINDOWS\System32\WindowsPowerShell\v1.0\;C:\WINDOWS\System32\OpenSSH\;C:\Program Files\NVIDIA Corporation\NVIDIA NvDLISR;C:\Program Files\Java\jdk-14.0.2\bin;D:\mysql1\mysql-8.0.22-winx64\bin;d:\Program Files\Git\cmd;C:\Users\Asus-pc\AppData\Local\Microsoft\WindowsApps;;C:\Users\Asus-pc\Desktop;
USERNAME=Asus-pc
OS=Windows_NT
PROCESSOR_IDENTIFIER=Intel64 Family 6 Model 158 Stepping 10, GenuineIntel



---------------  S Y S T E M  ---------------

OS: Windows 10 , 64 bit Build 18362 (10.0.18362.1110)
OS uptime: 1 days 18:50 hours

CPU:total 12 (initial active 12) (6 cores per cpu, 2 threads per core) family 6 model 158 stepping 10, cmov, cx8, fxsr, mmx, sse, sse2, sse3, ssse3, sse4.1, sse4.2, popcnt, avx, avx2, aes, clmul, erms, 3dnowpref, lzcnt, ht, tsc, tscinvbit, bmi1, bmi2, adx, fma

Memory: 4k page, system-wide physical 8042M (343M free)
TotalPageFile size 32618M (AvailPageFile size 81M)
current process WorkingSet (physical memory assigned to process): 10M, peak: 10M
current process commit charge ("private bytes"): 64M, peak: 190M

vm_info: Java HotSpot(TM) 64-Bit Server VM (14.0.2+12-46) for windows-amd64 JRE (14.0.2+12-46), built on Jul  9 2020 00:35:52 by "mach5one" with MS VC++ 15.9 (VS2017)

END.
